[05-09-2024 (16:42)] [31merror[39m: Login failed: Incorrect password for email asifadisirinov@gmail.com
[05-09-2024 (16:46)] [31merror[39m: Get reservation details failed: Forbidden access to reservation ID 66d9a7e565c4b35e7861ee53 by user 66d969469d262c81bbd784f4
[05-09-2024 (17:43)] [31merror[39m: Registration failed: Weak password for email test@example.com
[05-09-2024 (17:43)] [31merror[39m: Registration failed: Invalid email invalid-email
[05-09-2024 (17:43)] [31merror[39m: Login failed: Missing fields for email test@example.com
[05-09-2024 (17:43)] [31merror[39m: Failed to fetch users: Database error
[05-09-2024 (17:50)] [31merror[39m: Registration failed: Weak password for email test@example.com
[05-09-2024 (17:50)] [31merror[39m: Registration failed: Invalid email invalid-email
[05-09-2024 (17:50)] [31merror[39m: Registration failed: Weak password for email test@example.com
[05-09-2024 (17:50)] [31merror[39m: Login failed: Missing fields for email test@example.com
[05-09-2024 (17:50)] [31merror[39m: Failed to fetch users: Database error
[05-09-2024 (17:52)] [31merror[39m: Registration failed: Weak password for email test@example.com
[05-09-2024 (17:52)] [31merror[39m: Registration failed: Invalid email invalid-email
[05-09-2024 (17:52)] [31merror[39m: Registration failed: Weak password for email test@example.com
[05-09-2024 (17:52)] [31merror[39m: Login failed: Missing fields for email test@example.com
[05-09-2024 (17:52)] [31merror[39m: Failed to fetch users: Database error
[05-09-2024 (17:53)] [31merror[39m: Registration failed: Weak password for email test@example.com
[05-09-2024 (17:53)] [31merror[39m: Registration failed: Invalid email invalid-email
[05-09-2024 (17:53)] [31merror[39m: Registration failed: Weak password for email test@example.com
[05-09-2024 (17:53)] [31merror[39m: Login failed: Missing fields for email test@example.com
[05-09-2024 (17:53)] [31merror[39m: Failed to fetch users: Database error
[05-09-2024 (17:57)] [31merror[39m: Registration failed: Weak password for email test@example.com
[05-09-2024 (17:57)] [31merror[39m: Registration failed: Invalid email invalid-email
[05-09-2024 (17:57)] [31merror[39m: Registration failed: Weak password for email test@example.com
[05-09-2024 (17:57)] [31merror[39m: Registration failed: Weak password for email test@example.com
[05-09-2024 (17:57)] [31merror[39m: Login failed: Missing fields for email test@example.com
[05-09-2024 (17:57)] [31merror[39m: Login failed: Incorrect password for email test@example.com
[05-09-2024 (17:57)] [31merror[39m: Failed to fetch users: Database error
[05-09-2024 (17:57)] [31merror[39m: Registration failed: Weak password for email test@example.com
[05-09-2024 (17:57)] [31merror[39m: Registration failed: Invalid email invalid-email
[05-09-2024 (17:57)] [31merror[39m: Registration failed: Weak password for email test@example.com
[05-09-2024 (17:57)] [31merror[39m: Login failed: Missing fields for email test@example.com
[05-09-2024 (17:57)] [31merror[39m: Failed to fetch users: Database error
[05-09-2024 (18:05)] [31merror[39m: Registration failed: Weak password for email test@example.com
[05-09-2024 (18:05)] [31merror[39m: Registration failed: Invalid email invalid-email
[05-09-2024 (18:05)] [31merror[39m: Registration failed: Weak password for email test@example.com
[05-09-2024 (18:05)] [31merror[39m: Registration failed: Weak password for email test@example.com
[05-09-2024 (18:05)] [31merror[39m: Login failed: Missing fields for email test@example.com
[05-09-2024 (18:05)] [31merror[39m: Login failed: Incorrect password for email test@example.com
[05-09-2024 (18:05)] [31merror[39m: Failed to fetch users: Database error
[05-09-2024 (18:07)] [31merror[39m: Registration failed: Weak password for email test@example.com
[05-09-2024 (18:07)] [31merror[39m: Registration failed: Weak password for email test@example.com
[05-09-2024 (18:07)] [31merror[39m: Registration failed: Invalid email invalid-email
[05-09-2024 (18:07)] [31merror[39m: Registration failed: Weak password for email test@example.com
[05-09-2024 (18:07)] [31merror[39m: Login failed: Missing fields for email test@example.com
[05-09-2024 (18:07)] [31merror[39m: Login failed: Incorrect password for email test@example.com
[05-09-2024 (18:07)] [31merror[39m: Failed to fetch users: Database error
[05-09-2024 (18:07)] [31merror[39m: Registration failed: Weak password for email test@example.com
[05-09-2024 (18:07)] [31merror[39m: Registration failed: Invalid email invalid-email
[05-09-2024 (18:07)] [31merror[39m: Registration failed: Weak password for email test@example.com
[05-09-2024 (18:07)] [31merror[39m: Login failed: Missing fields for email test@example.com
[05-09-2024 (18:07)] [31merror[39m: Failed to fetch users: Database error
[05-09-2024 (18:13)] [31merror[39m: Registration failed: Weak password for email test@example.com
[05-09-2024 (18:13)] [31merror[39m: Registration failed: Invalid email invalid-email
[05-09-2024 (18:13)] [31merror[39m: Registration failed: Weak password for email test@example.com
[05-09-2024 (18:13)] [31merror[39m: Login failed: Missing fields for email test@example.com
[05-09-2024 (18:13)] [31merror[39m: Failed to fetch users: Database error
[05-09-2024 (18:20)] [31merror[39m: Registration failed: Weak password for email test@example.com
[05-09-2024 (18:20)] [31merror[39m: Registration failed: Invalid email invalid-email
[05-09-2024 (18:20)] [31merror[39m: Registration failed: Weak password for email test@example.com
[05-09-2024 (18:21)] [31merror[39m: Login failed: Missing fields for email test@example.com
[05-09-2024 (18:21)] [31merror[39m: Failed to fetch users: Database error
